# JRE version: Java(TM) SE Runtime Environment (17.0.9+11) (build 17.0.9+11-LTS-201)
# Java VM: Java HotSpot(TM) 64-Bit Server VM (17.0.9+11-LTS-201, mixed mode, emulated-client, sharing, tiered, compressed oops, compressed class ptrs, g1 gc, windows-amd64)
GC Precious Log:
 CPUs: 4 total, 4 available
 Memory: 8097M
 Large Page Support: Disabled
 NUMA Support: Disabled
 Compressed Oops: Enabled (32-bit)
 Heap Region Size: 1M
 Heap Min Capacity: 8M
 Heap Initial Capacity: 128M
 Heap Max Capacity: 2026M
 Pre-touch: Disabled
 Parallel Workers: 4
 Concurrent Workers: 1
 Concurrent Refinement Workers: 4
 Periodic GC: Disabled
Heap:
 garbage-first heap   total 70656K, used 41497K [0x0000000081600000, 0x0000000100000000)
  region size 1024K, 9 young (9216K), 2 survivors (2048K)
 Metaspace       used 44033K, committed 44480K, reserved 1114112K
  class space    used 6059K, committed 6272K, reserved 1048576K
GC Heap History (20 events):
Event: 44.752 GC heap before
{Heap before GC invocations=16 (full 0):
 garbage-first heap   total 61440K, used 48960K [0x0000000081600000, 0x0000000100000000)
  region size 1024K, 28 young (28672K), 3 survivors (3072K)
 Metaspace       used 34903K, committed 35392K, reserved 1114112K
  class space    used 4784K, committed 4992K, reserved 1048576K
}
Event: 44.761 GC heap after
{Heap after GC invocations=17 (full 0):
 garbage-first heap   total 61440K, used 25593K [0x0000000081600000, 0x0000000100000000)
  region size 1024K, 3 young (3072K), 3 survivors (3072K)
 Metaspace       used 34903K, committed 35392K, reserved 1114112K
  class space    used 4784K, committed 4992K, reserved 1048576K
}
Event: 45.478 GC heap before
{Heap before GC invocations=17 (full 0):
 garbage-first heap   total 61440K, used 35833K [0x0000000081600000, 0x0000000100000000)
  region size 1024K, 14 young (14336K), 3 survivors (3072K)
 Metaspace       used 35653K, committed 36096K, reserved 1114112K
  class space    used 4900K, committed 5120K, reserved 1048576K
}
Event: 45.484 GC heap after
{Heap after GC invocations=18 (full 0):
 garbage-first heap   total 61440K, used 26464K [0x0000000081600000, 0x0000000100000000)
  region size 1024K, 3 young (3072K), 3 survivors (3072K)
 Metaspace       used 35653K, committed 36096K, reserved 1114112K
  class space    used 4900K, committed 5120K, reserved 1048576K
}
Event: 46.805 GC heap before
{Heap before GC invocations=19 (full 0):
 garbage-first heap   total 61440K, used 50016K [0x0000000081600000, 0x0000000100000000)
  region size 1024K, 26 young (26624K), 3 survivors (3072K)
 Metaspace       used 37679K, committed 38144K, reserved 1114112K
  class space    used 5145K, committed 5376K, reserved 1048576K
}
Event: 46.811 GC heap after
{Heap after GC invocations=20 (full 0):
 garbage-first heap   total 61440K, used 26960K [0x0000000081600000, 0x0000000100000000)
  region size 1024K, 2 young (2048K), 2 survivors (2048K)
 Metaspace       used 37679K, committed 38144K, reserved 1114112K
  class space    used 5145K, committed 5376K, reserved 1048576K
}
Event: 49.933 GC heap before
{Heap before GC invocations=20 (full 0):
 garbage-first heap   total 61440K, used 49488K [0x0000000081600000, 0x0000000100000000)
  region size 1024K, 25 young (25600K), 2 survivors (2048K)
 Metaspace       used 39060K, committed 39488K, reserved 1114112K
  class space    used 5383K, committed 5568K, reserved 1048576K
}
Event: 49.940 GC heap after
{Heap after GC invocations=21 (full 0):
 garbage-first heap   total 61440K, used 27992K [0x0000000081600000, 0x0000000100000000)
  region size 1024K, 3 young (3072K), 3 survivors (3072K)
 Metaspace       used 39060K, committed 39488K, reserved 1114112K
  class space    used 5383K, committed 5568K, reserved 1048576K
}
Event: 52.968 GC heap before
{Heap before GC invocations=21 (full 0):
 garbage-first heap   total 61440K, used 51544K [0x0000000081600000, 0x0000000100000000)
  region size 1024K, 25 young (25600K), 3 survivors (3072K)
 Metaspace       used 40271K, committed 40640K, reserved 1114112K
  class space    used 5508K, committed 5696K, reserved 1048576K
}
Event: 52.976 GC heap after
{Heap after GC invocations=22 (full 0):
 garbage-first heap   total 61440K, used 31833K [0x0000000081600000, 0x0000000100000000)
  region size 1024K, 4 young (4096K), 4 survivors (4096K)
 Metaspace       used 40271K, committed 40640K, reserved 1114112K
  class space    used 5508K, committed 5696K, reserved 1048576K
}
Event: 52.997 GC heap before
{Heap before GC invocations=22 (full 0):
 garbage-first heap   total 61440K, used 32857K [0x0000000081600000, 0x0000000100000000)
  region size 1024K, 6 young (6144K), 4 survivors (4096K)
 Metaspace       used 40271K, committed 40640K, reserved 1114112K
  class space    used 5508K, committed 5696K, reserved 1048576K
}
Event: 53.003 GC heap after
{Heap after GC invocations=23 (full 0):
 garbage-first heap   total 61440K, used 33127K [0x0000000081600000, 0x0000000100000000)
  region size 1024K, 2 young (2048K), 2 survivors (2048K)
 Metaspace       used 40271K, committed 40640K, reserved 1114112K
  class space    used 5508K, committed 5696K, reserved 1048576K
}
Event: 53.879 GC heap before
{Heap before GC invocations=24 (full 0):
 garbage-first heap   total 70656K, used 50535K [0x0000000081600000, 0x0000000100000000)
  region size 1024K, 16 young (16384K), 2 survivors (2048K)
 Metaspace       used 40400K, committed 40768K, reserved 1114112K
  class space    used 5527K, committed 5696K, reserved 1048576K
}
Event: 53.883 GC heap after
{Heap after GC invocations=25 (full 0):
 garbage-first heap   total 70656K, used 34014K [0x0000000081600000, 0x0000000100000000)
  region size 1024K, 2 young (2048K), 2 survivors (2048K)
 Metaspace       used 40400K, committed 40768K, reserved 1114112K
  class space    used 5527K, committed 5696K, reserved 1048576K
}
Event: 57.330 GC heap before
{Heap before GC invocations=25 (full 0):
 garbage-first heap   total 70656K, used 40158K [0x0000000081600000, 0x0000000100000000)
  region size 1024K, 9 young (9216K), 2 survivors (2048K)
 Metaspace       used 40850K, committed 41216K, reserved 1114112K
  class space    used 5575K, committed 5760K, reserved 1048576K
}
Event: 57.334 GC heap after
{Heap after GC invocations=26 (full 0):
 garbage-first heap   total 70656K, used 34874K [0x0000000081600000, 0x0000000100000000)
  region size 1024K, 3 young (3072K), 3 survivors (3072K)
 Metaspace       used 40850K, committed 41216K, reserved 1114112K
  class space    used 5575K, committed 5760K, reserved 1048576K
}
Event: 59.535 GC heap before
{Heap before GC invocations=27 (full 0):
 garbage-first heap   total 70656K, used 55354K [0x0000000081600000, 0x0000000100000000)
  region size 1024K, 24 young (24576K), 3 survivors (3072K)
 Metaspace       used 42656K, committed 43072K, reserved 1114112K
  class space    used 5823K, committed 6016K, reserved 1048576K
}
Event: 59.544 GC heap after
{Heap after GC invocations=28 (full 0):
 garbage-first heap   total 70656K, used 34250K [0x0000000081600000, 0x0000000100000000)
  region size 1024K, 3 young (3072K), 3 survivors (3072K)
 Metaspace       used 42656K, committed 43072K, reserved 1114112K
  class space    used 5823K, committed 6016K, reserved 1048576K
}
Event: 61.489 GC heap before
{Heap before GC invocations=28 (full 0):
 garbage-first heap   total 70656K, used 55754K [0x0000000081600000, 0x0000000100000000)
  region size 1024K, 24 young (24576K), 3 survivors (3072K)
 Metaspace       used 43798K, committed 44288K, reserved 1114112K
  class space    used 6009K, committed 6208K, reserved 1048576K
}
Event: 61.499 GC heap after
{Heap after GC invocations=29 (full 0):
 garbage-first heap   total 70656K, used 35353K [0x0000000081600000, 0x0000000100000000)
  region size 1024K, 2 young (2048K), 2 survivors (2048K)
 Metaspace       used 43798K, committed 44288K, reserved 1114112K
  class space    used 6009K, committed 6208K, reserved 1048576K
}

