# JRE version: Java(TM) SE Runtime Environment (17.0.9+11) (build 17.0.9+11-LTS-201)
# Java VM: Java HotSpot(TM) 64-Bit Server VM (17.0.9+11-LTS-201, mixed mode, emulated-client, sharing, tiered, compressed oops, compressed class ptrs, g1 gc, windows-amd64)
GC Precious Log:
 CPUs: 4 total, 4 available
 Memory: 8097M
 Large Page Support: Disabled
 NUMA Support: Disabled
 Compressed Oops: Enabled (32-bit)
 Heap Region Size: 1M
 Heap Min Capacity: 8M
 Heap Initial Capacity: 128M
 Heap Max Capacity: 2026M
 Pre-touch: Disabled
 Parallel Workers: 4
 Concurrent Workers: 1
 Concurrent Refinement Workers: 4
 Periodic GC: Disabled
Heap:
 garbage-first heap   total 68608K, used 42021K [0x0000000081600000, 0x0000000100000000)
  region size 1024K, 6 young (6144K), 2 survivors (2048K)
 Metaspace       used 53517K, committed 53952K, reserved 1114112K
  class space    used 7401K, committed 7616K, reserved 1048576K
GC Heap History (20 events):
Event: 51.148 GC heap before
{Heap before GC invocations=27 (full 0):
 garbage-first heap   total 65536K, used 49176K [0x0000000081600000, 0x0000000100000000)
  region size 1024K, 17 young (17408K), 2 survivors (2048K)
 Metaspace       used 42143K, committed 42624K, reserved 1114112K
  class space    used 5752K, committed 6016K, reserved 1048576K
}
Event: 51.152 GC heap after
{Heap after GC invocations=28 (full 0):
 garbage-first heap   total 65536K, used 33552K [0x0000000081600000, 0x0000000100000000)
  region size 1024K, 2 young (2048K), 2 survivors (2048K)
 Metaspace       used 42143K, committed 42624K, reserved 1114112K
  class space    used 5752K, committed 6016K, reserved 1048576K
}
Event: 52.466 GC heap before
{Heap before GC invocations=28 (full 0):
 garbage-first heap   total 65536K, used 48912K [0x0000000081600000, 0x0000000100000000)
  region size 1024K, 17 young (17408K), 2 survivors (2048K)
 Metaspace       used 43030K, committed 43520K, reserved 1114112K
  class space    used 5903K, committed 6144K, reserved 1048576K
}
Event: 52.472 GC heap after
{Heap after GC invocations=29 (full 0):
 garbage-first heap   total 65536K, used 34882K [0x0000000081600000, 0x0000000100000000)
  region size 1024K, 3 young (3072K), 3 survivors (3072K)
 Metaspace       used 43030K, committed 43520K, reserved 1114112K
  class space    used 5903K, committed 6144K, reserved 1048576K
}
Event: 54.336 GC heap before
{Heap before GC invocations=30 (full 0):
 garbage-first heap   total 66560K, used 50242K [0x0000000081600000, 0x0000000100000000)
  region size 1024K, 18 young (18432K), 3 survivors (3072K)
 Metaspace       used 43734K, committed 44224K, reserved 1114112K
  class space    used 6023K, committed 6272K, reserved 1048576K
}
Event: 54.345 GC heap after
{Heap after GC invocations=31 (full 0):
 garbage-first heap   total 66560K, used 35684K [0x0000000081600000, 0x0000000100000000)
  region size 1024K, 3 young (3072K), 3 survivors (3072K)
 Metaspace       used 43734K, committed 44224K, reserved 1114112K
  class space    used 6023K, committed 6272K, reserved 1048576K
}
Event: 58.823 GC heap before
{Heap before GC invocations=31 (full 0):
 garbage-first heap   total 66560K, used 51044K [0x0000000081600000, 0x0000000100000000)
  region size 1024K, 18 young (18432K), 3 survivors (3072K)
 Metaspace       used 44603K, committed 45120K, reserved 1114112K
  class space    used 6143K, committed 6400K, reserved 1048576K
}
Event: 58.828 GC heap after
{Heap after GC invocations=32 (full 0):
 garbage-first heap   total 66560K, used 36261K [0x0000000081600000, 0x0000000100000000)
  region size 1024K, 2 young (2048K), 2 survivors (2048K)
 Metaspace       used 44603K, committed 45120K, reserved 1114112K
  class space    used 6143K, committed 6400K, reserved 1048576K
}
Event: 59.664 GC heap before
{Heap before GC invocations=33 (full 0):
 garbage-first heap   total 66560K, used 51621K [0x0000000081600000, 0x0000000100000000)
  region size 1024K, 18 young (18432K), 2 survivors (2048K)
 Metaspace       used 45311K, committed 45760K, reserved 1114112K
  class space    used 6258K, committed 6464K, reserved 1048576K
}
Event: 59.669 GC heap after
{Heap after GC invocations=34 (full 0):
 garbage-first heap   total 66560K, used 36934K [0x0000000081600000, 0x0000000100000000)
  region size 1024K, 3 young (3072K), 3 survivors (3072K)
 Metaspace       used 45311K, committed 45760K, reserved 1114112K
  class space    used 6258K, committed 6464K, reserved 1048576K
}
Event: 60.635 GC heap before
{Heap before GC invocations=34 (full 0):
 garbage-first heap   total 66560K, used 52294K [0x0000000081600000, 0x0000000100000000)
  region size 1024K, 19 young (19456K), 3 survivors (3072K)
 Metaspace       used 46787K, committed 47232K, reserved 1114112K
  class space    used 6435K, committed 6656K, reserved 1048576K
}
Event: 60.639 GC heap after
{Heap after GC invocations=35 (full 0):
 garbage-first heap   total 66560K, used 37117K [0x0000000081600000, 0x0000000100000000)
  region size 1024K, 2 young (2048K), 2 survivors (2048K)
 Metaspace       used 46787K, committed 47232K, reserved 1114112K
  class space    used 6435K, committed 6656K, reserved 1048576K
}
Event: 63.909 GC heap before
{Heap before GC invocations=36 (full 0):
 garbage-first heap   total 66560K, used 54525K [0x0000000081600000, 0x0000000100000000)
  region size 1024K, 19 young (19456K), 2 survivors (2048K)
 Metaspace       used 48324K, committed 48832K, reserved 1114112K
  class space    used 6681K, committed 6912K, reserved 1048576K
}
Event: 63.914 GC heap after
{Heap after GC invocations=37 (full 0):
 garbage-first heap   total 66560K, used 37283K [0x0000000081600000, 0x0000000100000000)
  region size 1024K, 2 young (2048K), 2 survivors (2048K)
 Metaspace       used 48324K, committed 48832K, reserved 1114112K
  class space    used 6681K, committed 6912K, reserved 1048576K
}
Event: 65.120 GC heap before
{Heap before GC invocations=37 (full 0):
 garbage-first heap   total 66560K, used 54691K [0x0000000081600000, 0x0000000100000000)
  region size 1024K, 19 young (19456K), 2 survivors (2048K)
 Metaspace       used 49837K, committed 50368K, reserved 1114112K
  class space    used 6924K, committed 7168K, reserved 1048576K
}
Event: 65.126 GC heap after
{Heap after GC invocations=38 (full 0):
 garbage-first heap   total 66560K, used 37520K [0x0000000081600000, 0x0000000100000000)
  region size 1024K, 2 young (2048K), 2 survivors (2048K)
 Metaspace       used 49837K, committed 50368K, reserved 1114112K
  class space    used 6924K, committed 7168K, reserved 1048576K
}
Event: 66.202 GC heap before
{Heap before GC invocations=39 (full 0):
 garbage-first heap   total 68608K, used 54928K [0x0000000081600000, 0x0000000100000000)
  region size 1024K, 19 young (19456K), 2 survivors (2048K)
 Metaspace       used 51273K, committed 51712K, reserved 1114112K
  class space    used 7161K, committed 7360K, reserved 1048576K
}
Event: 66.208 GC heap after
{Heap after GC invocations=40 (full 0):
 garbage-first heap   total 68608K, used 38539K [0x0000000081600000, 0x0000000100000000)
  region size 1024K, 3 young (3072K), 3 survivors (3072K)
 Metaspace       used 51273K, committed 51712K, reserved 1114112K
  class space    used 7161K, committed 7360K, reserved 1048576K
}
Event: 67.202 GC heap before
{Heap before GC invocations=40 (full 0):
 garbage-first heap   total 68608K, used 56971K [0x0000000081600000, 0x0000000100000000)
  region size 1024K, 21 young (21504K), 3 survivors (3072K)
 Metaspace       used 53187K, committed 53632K, reserved 1114112K
  class space    used 7357K, committed 7552K, reserved 1048576K
}
Event: 67.208 GC heap after
{Heap after GC invocations=41 (full 0):
 garbage-first heap   total 68608K, used 38949K [0x0000000081600000, 0x0000000100000000)
  region size 1024K, 2 young (2048K), 2 survivors (2048K)
 Metaspace       used 53187K, committed 53632K, reserved 1114112K
  class space    used 7357K, committed 7552K, reserved 1048576K
}

