# JRE version: Java(TM) SE Runtime Environment (17.0.9+11) (build 17.0.9+11-LTS-201)
# Java VM: Java HotSpot(TM) 64-Bit Server VM (17.0.9+11-LTS-201, mixed mode, emulated-client, sharing, tiered, compressed oops, compressed class ptrs, g1 gc, windows-amd64)
GC Precious Log:
 CPUs: 4 total, 4 available
 Memory: 8097M
 Large Page Support: Disabled
 NUMA Support: Disabled
 Compressed Oops: Enabled (32-bit)
 Heap Region Size: 1M
 Heap Min Capacity: 8M
 Heap Initial Capacity: 128M
 Heap Max Capacity: 2026M
 Pre-touch: Disabled
 Parallel Workers: 4
 Concurrent Workers: 1
 Concurrent Refinement Workers: 4
 Periodic GC: Disabled
Heap:
 garbage-first heap   total 86016K, used 49616K [0x0000000081600000, 0x0000000100000000)
  region size 1024K, 1 young (1024K), 1 survivors (1024K)
 Metaspace       used 77935K, committed 78592K, reserved 1179648K
  class space    used 11163K, committed 11456K, reserved 1048576K
GC Heap History (20 events):
Event: 30.628 GC heap after
{Heap after GC invocations=26 (full 0):
 garbage-first heap   total 71680K, used 40995K [0x0000000081600000, 0x0000000100000000)
  region size 1024K, 2 young (2048K), 2 survivors (2048K)
 Metaspace       used 63563K, committed 64064K, reserved 1114112K
  class space    used 9035K, committed 9280K, reserved 1048576K
}
Event: 31.999 GC heap before
{Heap before GC invocations=27 (full 0):
 garbage-first heap   total 73728K, used 58403K [0x0000000081600000, 0x0000000100000000)
  region size 1024K, 19 young (19456K), 2 survivors (2048K)
 Metaspace       used 66880K, committed 67456K, reserved 1114112K
  class space    used 9584K, committed 9856K, reserved 1048576K
}
Event: 32.004 GC heap after
{Heap after GC invocations=28 (full 0):
 garbage-first heap   total 73728K, used 41753K [0x0000000081600000, 0x0000000100000000)
  region size 1024K, 2 young (2048K), 2 survivors (2048K)
 Metaspace       used 66880K, committed 67456K, reserved 1114112K
  class space    used 9584K, committed 9856K, reserved 1048576K
}
Event: 32.751 GC heap before
{Heap before GC invocations=28 (full 0):
 garbage-first heap   total 73728K, used 60185K [0x0000000081600000, 0x0000000100000000)
  region size 1024K, 21 young (21504K), 2 survivors (2048K)
 Metaspace       used 69128K, committed 69696K, reserved 1114112K
  class space    used 9859K, committed 10112K, reserved 1048576K
}
Event: 32.758 GC heap after
{Heap after GC invocations=29 (full 0):
 garbage-first heap   total 73728K, used 43329K [0x0000000081600000, 0x0000000100000000)
  region size 1024K, 3 young (3072K), 3 survivors (3072K)
 Metaspace       used 69128K, committed 69696K, reserved 1114112K
  class space    used 9859K, committed 10112K, reserved 1048576K
}
Event: 33.323 GC heap before
{Heap before GC invocations=30 (full 0):
 garbage-first heap   total 81920K, used 60737K [0x0000000081600000, 0x0000000100000000)
  region size 1024K, 20 young (20480K), 3 survivors (3072K)
 Metaspace       used 70511K, committed 71040K, reserved 1114112K
  class space    used 10106K, committed 10368K, reserved 1048576K
}
Event: 33.330 GC heap after
{Heap after GC invocations=31 (full 0):
 garbage-first heap   total 81920K, used 44484K [0x0000000081600000, 0x0000000100000000)
  region size 1024K, 2 young (2048K), 2 survivors (2048K)
 Metaspace       used 70511K, committed 71040K, reserved 1114112K
  class space    used 10106K, committed 10368K, reserved 1048576K
}
Event: 33.392 GC heap before
{Heap before GC invocations=31 (full 0):
 garbage-first heap   total 81920K, used 46532K [0x0000000081600000, 0x0000000100000000)
  region size 1024K, 4 young (4096K), 2 survivors (2048K)
 Metaspace       used 70572K, committed 71104K, reserved 1114112K
  class space    used 10117K, committed 10368K, reserved 1048576K
}
Event: 33.397 GC heap after
{Heap after GC invocations=32 (full 0):
 garbage-first heap   total 81920K, used 44127K [0x0000000081600000, 0x0000000100000000)
  region size 1024K, 1 young (1024K), 1 survivors (1024K)
 Metaspace       used 70572K, committed 71104K, reserved 1114112K
  class space    used 10117K, committed 10368K, reserved 1048576K
}
Event: 34.424 GC heap before
{Heap before GC invocations=32 (full 0):
 garbage-first heap   total 81920K, used 66655K [0x0000000081600000, 0x0000000100000000)
  region size 1024K, 24 young (24576K), 1 survivors (1024K)
 Metaspace       used 71755K, committed 72256K, reserved 1114112K
  class space    used 10283K, committed 10496K, reserved 1048576K
}
Event: 34.431 GC heap after
{Heap after GC invocations=33 (full 0):
 garbage-first heap   total 81920K, used 45553K [0x0000000081600000, 0x0000000100000000)
  region size 1024K, 2 young (2048K), 2 survivors (2048K)
 Metaspace       used 71755K, committed 72256K, reserved 1114112K
  class space    used 10283K, committed 10496K, reserved 1048576K
}
Event: 35.837 GC heap before
{Heap before GC invocations=34 (full 0):
 garbage-first heap   total 81920K, used 68081K [0x0000000081600000, 0x0000000100000000)
  region size 1024K, 24 young (24576K), 2 survivors (2048K)
 Metaspace       used 75430K, committed 76032K, reserved 1114112K
  class space    used 10813K, committed 11072K, reserved 1048576K
}
Event: 35.844 GC heap after
{Heap after GC invocations=35 (full 0):
 garbage-first heap   total 81920K, used 47202K [0x0000000081600000, 0x0000000100000000)
  region size 1024K, 2 young (2048K), 2 survivors (2048K)
 Metaspace       used 75430K, committed 76032K, reserved 1114112K
  class space    used 10813K, committed 11072K, reserved 1048576K
}
Event: 35.894 GC heap before
{Heap before GC invocations=35 (full 0):
 garbage-first heap   total 81920K, used 48226K [0x0000000081600000, 0x0000000100000000)
  region size 1024K, 4 young (4096K), 2 survivors (2048K)
 Metaspace       used 75844K, committed 76480K, reserved 1114112K
  class space    used 10849K, committed 11136K, reserved 1048576K
}
Event: 35.901 GC heap after
{Heap after GC invocations=36 (full 0):
 garbage-first heap   total 81920K, used 47020K [0x0000000081600000, 0x0000000100000000)
  region size 1024K, 1 young (1024K), 1 survivors (1024K)
 Metaspace       used 75844K, committed 76480K, reserved 1114112K
  class space    used 10849K, committed 11136K, reserved 1048576K
}
Event: 36.444 GC heap before
{Heap before GC invocations=36 (full 0):
 garbage-first heap   total 81920K, used 67500K [0x0000000081600000, 0x0000000100000000)
  region size 1024K, 21 young (21504K), 1 survivors (1024K)
 Metaspace       used 76882K, committed 77504K, reserved 1179648K
  class space    used 10995K, committed 11264K, reserved 1048576K
}
Event: 36.450 GC heap after
{Heap after GC invocations=37 (full 0):
 garbage-first heap   total 81920K, used 48553K [0x0000000081600000, 0x0000000100000000)
  region size 1024K, 2 young (2048K), 2 survivors (2048K)
 Metaspace       used 76882K, committed 77504K, reserved 1179648K
  class space    used 10995K, committed 11264K, reserved 1048576K
}
Event: 37.359 GC heap before
{Heap before GC invocations=38 (full 0):
 garbage-first heap   total 86016K, used 66985K [0x0000000081600000, 0x0000000100000000)
  region size 1024K, 20 young (20480K), 2 survivors (2048K)
 Metaspace       used 77881K, committed 78528K, reserved 1179648K
  class space    used 11151K, committed 11456K, reserved 1048576K
}
Event: 37.367 GC heap after
{Heap after GC invocations=39 (full 0):
 garbage-first heap   total 86016K, used 49919K [0x0000000081600000, 0x0000000100000000)
  region size 1024K, 2 young (2048K), 2 survivors (2048K)
 Metaspace       used 77881K, committed 78528K, reserved 1179648K
  class space    used 11151K, committed 11456K, reserved 1048576K
}
Event: 37.419 GC heap before
{Heap before GC invocations=39 (full 0):
 garbage-first heap   total 86016K, used 51967K [0x0000000081600000, 0x0000000100000000)
  region size 1024K, 4 young (4096K), 2 survivors (2048K)
 Metaspace       used 77935K, committed 78592K, reserved 1179648K
  class space    used 11163K, committed 11456K, reserved 1048576K
}

