# JRE version: Java(TM) SE Runtime Environment (17.0.9+11) (build 17.0.9+11-LTS-201)
# Java VM: Java HotSpot(TM) 64-Bit Server VM (17.0.9+11-LTS-201, mixed mode, emulated-client, sharing, tiered, compressed oops, compressed class ptrs, g1 gc, windows-amd64)
GC Precious Log:
 CPUs: 4 total, 4 available
 Memory: 8097M
 Large Page Support: Disabled
 NUMA Support: Disabled
 Compressed Oops: Enabled (32-bit)
 Heap Region Size: 1M
 Heap Min Capacity: 8M
 Heap Initial Capacity: 128M
 Heap Max Capacity: 2026M
 Pre-touch: Disabled
 Parallel Workers: 4
 Concurrent Workers: 1
 Concurrent Refinement Workers: 4
 Periodic GC: Disabled
Heap:
 garbage-first heap   total 73728K, used 35645K [0x0000000081600000, 0x0000000100000000)
  region size 1024K, 4 young (4096K), 4 survivors (4096K)
 Metaspace       used 43127K, committed 43584K, reserved 1114112K
  class space    used 5999K, committed 6208K, reserved 1048576K
GC Heap History (20 events):
Event: 1.497 GC heap after
{Heap after GC invocations=3 (full 0):
 garbage-first heap   total 131072K, used 11964K [0x0000000081600000, 0x0000000100000000)
  region size 1024K, 3 young (3072K), 3 survivors (3072K)
 Metaspace       used 8028K, committed 8256K, reserved 1114112K
  class space    used 1043K, committed 1152K, reserved 1048576K
}
Event: 3.291 GC heap before
{Heap before GC invocations=3 (full 0):
 garbage-first heap   total 131072K, used 77500K [0x0000000081600000, 0x0000000100000000)
  region size 1024K, 69 young (70656K), 3 survivors (3072K)
 Metaspace       used 21201K, committed 21504K, reserved 1114112K
  class space    used 2861K, committed 3008K, reserved 1048576K
}
Event: 3.303 GC heap after
{Heap after GC invocations=4 (full 0):
 garbage-first heap   total 131072K, used 16129K [0x0000000081600000, 0x0000000100000000)
  region size 1024K, 7 young (7168K), 7 survivors (7168K)
 Metaspace       used 21201K, committed 21504K, reserved 1114112K
  class space    used 2861K, committed 3008K, reserved 1048576K
}
Event: 4.127 GC heap before
{Heap before GC invocations=5 (full 0):
 garbage-first heap   total 61440K, used 44801K [0x0000000081600000, 0x0000000100000000)
  region size 1024K, 36 young (36864K), 7 survivors (7168K)
 Metaspace       used 23836K, committed 24192K, reserved 1114112K
  class space    used 3176K, committed 3328K, reserved 1048576K
}
Event: 4.140 GC heap after
{Heap after GC invocations=6 (full 0):
 garbage-first heap   total 61440K, used 19200K [0x0000000081600000, 0x0000000100000000)
  region size 1024K, 4 young (4096K), 4 survivors (4096K)
 Metaspace       used 23836K, committed 24192K, reserved 1114112K
  class space    used 3176K, committed 3328K, reserved 1048576K
}
Event: 4.470 GC heap before
{Heap before GC invocations=6 (full 0):
 garbage-first heap   total 61440K, used 40704K [0x0000000081600000, 0x0000000100000000)
  region size 1024K, 25 young (25600K), 4 survivors (4096K)
 Metaspace       used 24814K, committed 25152K, reserved 1114112K
  class space    used 3318K, committed 3456K, reserved 1048576K
}
Event: 4.476 GC heap after
{Heap after GC invocations=7 (full 0):
 garbage-first heap   total 73728K, used 20785K [0x0000000081600000, 0x0000000100000000)
  region size 1024K, 2 young (2048K), 2 survivors (2048K)
 Metaspace       used 24814K, committed 25152K, reserved 1114112K
  class space    used 3318K, committed 3456K, reserved 1048576K
}
Event: 5.035 GC heap before
{Heap before GC invocations=7 (full 0):
 garbage-first heap   total 73728K, used 52529K [0x0000000081600000, 0x0000000100000000)
  region size 1024K, 33 young (33792K), 2 survivors (2048K)
 Metaspace       used 27696K, committed 28032K, reserved 1114112K
  class space    used 3713K, committed 3840K, reserved 1048576K
}
Event: 5.043 GC heap after
{Heap after GC invocations=8 (full 0):
 garbage-first heap   total 73728K, used 22381K [0x0000000081600000, 0x0000000100000000)
  region size 1024K, 4 young (4096K), 4 survivors (4096K)
 Metaspace       used 27696K, committed 28032K, reserved 1114112K
  class space    used 3713K, committed 3840K, reserved 1048576K
}
Event: 6.025 GC heap before
{Heap before GC invocations=8 (full 0):
 garbage-first heap   total 73728K, used 54125K [0x0000000081600000, 0x0000000100000000)
  region size 1024K, 35 young (35840K), 4 survivors (4096K)
 Metaspace       used 31044K, committed 31424K, reserved 1114112K
  class space    used 4339K, committed 4544K, reserved 1048576K
}
Event: 6.034 GC heap after
{Heap after GC invocations=9 (full 0):
 garbage-first heap   total 73728K, used 24305K [0x0000000081600000, 0x0000000100000000)
  region size 1024K, 4 young (4096K), 4 survivors (4096K)
 Metaspace       used 31044K, committed 31424K, reserved 1114112K
  class space    used 4339K, committed 4544K, reserved 1048576K
}
Event: 6.866 GC heap before
{Heap before GC invocations=9 (full 0):
 garbage-first heap   total 73728K, used 55025K [0x0000000081600000, 0x0000000100000000)
  region size 1024K, 34 young (34816K), 4 survivors (4096K)
 Metaspace       used 35461K, committed 35904K, reserved 1114112K
  class space    used 4946K, committed 5184K, reserved 1048576K
}
Event: 6.876 GC heap after
{Heap after GC invocations=10 (full 0):
 garbage-first heap   total 73728K, used 26508K [0x0000000081600000, 0x0000000100000000)
  region size 1024K, 5 young (5120K), 5 survivors (5120K)
 Metaspace       used 35461K, committed 35904K, reserved 1114112K
  class space    used 4946K, committed 5184K, reserved 1048576K
}
Event: 6.894 GC heap before
{Heap before GC invocations=10 (full 0):
 garbage-first heap   total 73728K, used 26508K [0x0000000081600000, 0x0000000100000000)
  region size 1024K, 6 young (6144K), 5 survivors (5120K)
 Metaspace       used 35578K, committed 35968K, reserved 1114112K
  class space    used 4964K, committed 5184K, reserved 1048576K
}
Event: 6.902 GC heap after
{Heap after GC invocations=11 (full 0):
 garbage-first heap   total 73728K, used 26865K [0x0000000081600000, 0x0000000100000000)
  region size 1024K, 3 young (3072K), 3 survivors (3072K)
 Metaspace       used 35578K, committed 35968K, reserved 1114112K
  class space    used 4964K, committed 5184K, reserved 1048576K
}
Event: 7.968 GC heap before
{Heap before GC invocations=12 (full 0):
 garbage-first heap   total 73728K, used 59633K [0x0000000081600000, 0x0000000100000000)
  region size 1024K, 33 young (33792K), 3 survivors (3072K)
 Metaspace       used 38382K, committed 38848K, reserved 1114112K
  class space    used 5372K, committed 5568K, reserved 1048576K
}
Event: 7.977 GC heap after
{Heap after GC invocations=13 (full 0):
 garbage-first heap   total 73728K, used 29975K [0x0000000081600000, 0x0000000100000000)
  region size 1024K, 5 young (5120K), 5 survivors (5120K)
 Metaspace       used 38382K, committed 38848K, reserved 1114112K
  class space    used 5372K, committed 5568K, reserved 1048576K
}
Event: 9.006 GC heap before
{Heap before GC invocations=13 (full 0):
 garbage-first heap   total 73728K, used 61719K [0x0000000081600000, 0x0000000100000000)
  region size 1024K, 32 young (32768K), 5 survivors (5120K)
 Metaspace       used 40405K, committed 40896K, reserved 1114112K
  class space    used 5597K, committed 5824K, reserved 1048576K
}
Event: 9.020 GC heap after
{Heap after GC invocations=14 (full 0):
 garbage-first heap   total 73728K, used 32283K [0x0000000081600000, 0x0000000100000000)
  region size 1024K, 4 young (4096K), 4 survivors (4096K)
 Metaspace       used 40405K, committed 40896K, reserved 1114112K
  class space    used 5597K, committed 5824K, reserved 1048576K
}
Event: 9.877 GC heap before
{Heap before GC invocations=14 (full 0):
 garbage-first heap   total 73728K, used 56859K [0x0000000081600000, 0x0000000100000000)
  region size 1024K, 28 young (28672K), 4 survivors (4096K)
 Metaspace       used 43127K, committed 43584K, reserved 1114112K
  class space    used 5999K, committed 6208K, reserved 1048576K
}

