# JRE version: Java(TM) SE Runtime Environment (17.0.9+11) (build 17.0.9+11-LTS-201)
# Java VM: Java HotSpot(TM) 64-Bit Server VM (17.0.9+11-LTS-201, mixed mode, emulated-client, sharing, tiered, compressed oops, compressed class ptrs, g1 gc, windows-amd64)
GC Precious Log:
 CPUs: 4 total, 4 available
 Memory: 8097M
 Large Page Support: Disabled
 NUMA Support: Disabled
 Compressed Oops: Enabled (32-bit)
 Heap Region Size: 1M
 Heap Min Capacity: 8M
 Heap Initial Capacity: 128M
 Heap Max Capacity: 2026M
 Pre-touch: Disabled
 Parallel Workers: 4
 Concurrent Workers: 1
 Concurrent Refinement Workers: 4
 Periodic GC: Disabled
Heap:
 garbage-first heap   total 96256K, used 39327K [0x0000000081600000, 0x0000000100000000)
  region size 1024K, 4 young (4096K), 2 survivors (2048K)
 Metaspace       used 53049K, committed 53504K, reserved 1114112K
  class space    used 7315K, committed 7552K, reserved 1048576K
GC Heap History (20 events):
Event: 54.789 GC heap before
{Heap before GC invocations=28 (full 0):
 garbage-first heap   total 63488K, used 45536K [0x0000000081600000, 0x0000000100000000)
  region size 1024K, 12 young (12288K), 1 survivors (1024K)
 Metaspace       used 41645K, committed 42176K, reserved 1114112K
  class space    used 5677K, committed 5952K, reserved 1048576K
}
Event: 54.793 GC heap after
{Heap after GC invocations=29 (full 0):
 garbage-first heap   total 63488K, used 33448K [0x0000000081600000, 0x0000000100000000)
  region size 1024K, 1 young (1024K), 1 survivors (1024K)
 Metaspace       used 41645K, committed 42176K, reserved 1114112K
  class space    used 5677K, committed 5952K, reserved 1048576K
}
Event: 54.921 GC heap before
{Heap before GC invocations=29 (full 0):
 garbage-first heap   total 63488K, used 35496K [0x0000000081600000, 0x0000000100000000)
  region size 1024K, 3 young (3072K), 1 survivors (1024K)
 Metaspace       used 41966K, committed 42432K, reserved 1114112K
  class space    used 5713K, committed 5952K, reserved 1048576K
}
Event: 54.925 GC heap after
{Heap after GC invocations=30 (full 0):
 garbage-first heap   total 63488K, used 33761K [0x0000000081600000, 0x0000000100000000)
  region size 1024K, 1 young (1024K), 1 survivors (1024K)
 Metaspace       used 41966K, committed 42432K, reserved 1114112K
  class space    used 5713K, committed 5952K, reserved 1048576K
}
Event: 55.623 GC heap before
{Heap before GC invocations=30 (full 0):
 garbage-first heap   total 63488K, used 45025K [0x0000000081600000, 0x0000000100000000)
  region size 1024K, 13 young (13312K), 1 survivors (1024K)
 Metaspace       used 42674K, committed 43072K, reserved 1114112K
  class space    used 5828K, committed 6016K, reserved 1048576K
}
Event: 55.629 GC heap after
{Heap after GC invocations=31 (full 0):
 garbage-first heap   total 63488K, used 35198K [0x0000000081600000, 0x0000000100000000)
  region size 1024K, 2 young (2048K), 2 survivors (2048K)
 Metaspace       used 42674K, committed 43072K, reserved 1114112K
  class space    used 5828K, committed 6016K, reserved 1048576K
}
Event: 56.282 GC heap before
{Heap before GC invocations=32 (full 0):
 garbage-first heap   total 63488K, used 47486K [0x0000000081600000, 0x0000000100000000)
  region size 1024K, 14 young (14336K), 2 survivors (2048K)
 Metaspace       used 43228K, committed 43648K, reserved 1114112K
  class space    used 5924K, committed 6144K, reserved 1048576K
}
Event: 56.290 GC heap after
{Heap after GC invocations=33 (full 0):
 garbage-first heap   total 63488K, used 36100K [0x0000000081600000, 0x0000000100000000)
  region size 1024K, 1 young (1024K), 1 survivors (1024K)
 Metaspace       used 43228K, committed 43648K, reserved 1114112K
  class space    used 5924K, committed 6144K, reserved 1048576K
}
Event: 56.322 GC heap before
{Heap before GC invocations=33 (full 0):
 garbage-first heap   total 63488K, used 38148K [0x0000000081600000, 0x0000000100000000)
  region size 1024K, 3 young (3072K), 1 survivors (1024K)
 Metaspace       used 43378K, committed 43776K, reserved 1114112K
  class space    used 5946K, committed 6144K, reserved 1048576K
}
Event: 56.327 GC heap after
{Heap after GC invocations=34 (full 0):
 garbage-first heap   total 63488K, used 35743K [0x0000000081600000, 0x0000000100000000)
  region size 1024K, 1 young (1024K), 1 survivors (1024K)
 Metaspace       used 43378K, committed 43776K, reserved 1114112K
  class space    used 5946K, committed 6144K, reserved 1048576K
}
Event: 57.702 GC heap before
{Heap before GC invocations=34 (full 0):
 garbage-first heap   total 63488K, used 48031K [0x0000000081600000, 0x0000000100000000)
  region size 1024K, 13 young (13312K), 1 survivors (1024K)
 Metaspace       used 43916K, committed 44416K, reserved 1114112K
  class space    used 6035K, committed 6272K, reserved 1048576K
}
Event: 57.706 GC heap after
{Heap after GC invocations=35 (full 0):
 garbage-first heap   total 96256K, used 36379K [0x0000000081600000, 0x0000000100000000)
  region size 1024K, 1 young (1024K), 1 survivors (1024K)
 Metaspace       used 43916K, committed 44416K, reserved 1114112K
  class space    used 6035K, committed 6272K, reserved 1048576K
}
Event: 60.421 GC heap before
{Heap before GC invocations=36 (full 0):
 garbage-first heap   total 96256K, used 70171K [0x0000000081600000, 0x0000000100000000)
  region size 1024K, 35 young (35840K), 1 survivors (1024K)
 Metaspace       used 46059K, committed 46528K, reserved 1114112K
  class space    used 6313K, committed 6528K, reserved 1048576K
}
Event: 60.427 GC heap after
{Heap after GC invocations=37 (full 0):
 garbage-first heap   total 96256K, used 37377K [0x0000000081600000, 0x0000000100000000)
  region size 1024K, 2 young (2048K), 2 survivors (2048K)
 Metaspace       used 46059K, committed 46528K, reserved 1114112K
  class space    used 6313K, committed 6528K, reserved 1048576K
}
Event: 60.457 GC heap before
{Heap before GC invocations=37 (full 0):
 garbage-first heap   total 96256K, used 38401K [0x0000000081600000, 0x0000000100000000)
  region size 1024K, 4 young (4096K), 2 survivors (2048K)
 Metaspace       used 46213K, committed 46656K, reserved 1114112K
  class space    used 6339K, committed 6528K, reserved 1048576K
}
Event: 60.464 GC heap after
{Heap after GC invocations=38 (full 0):
 garbage-first heap   total 96256K, used 37058K [0x0000000081600000, 0x0000000100000000)
  region size 1024K, 1 young (1024K), 1 survivors (1024K)
 Metaspace       used 46213K, committed 46656K, reserved 1114112K
  class space    used 6339K, committed 6528K, reserved 1048576K
}
Event: 65.502 GC heap before
{Heap before GC invocations=38 (full 0):
 garbage-first heap   total 96256K, used 72898K [0x0000000081600000, 0x0000000100000000)
  region size 1024K, 36 young (36864K), 1 survivors (1024K)
 Metaspace       used 49409K, committed 49984K, reserved 1114112K
  class space    used 6828K, committed 7104K, reserved 1048576K
}
Event: 65.506 GC heap after
{Heap after GC invocations=39 (full 0):
 garbage-first heap   total 96256K, used 37334K [0x0000000081600000, 0x0000000100000000)
  region size 1024K, 1 young (1024K), 1 survivors (1024K)
 Metaspace       used 49409K, committed 49984K, reserved 1114112K
  class space    used 6828K, committed 7104K, reserved 1048576K
}
Event: 68.010 GC heap before
{Heap before GC invocations=39 (full 0):
 garbage-first heap   total 96256K, used 75222K [0x0000000081600000, 0x0000000100000000)
  region size 1024K, 38 young (38912K), 1 survivors (1024K)
 Metaspace       used 52869K, committed 53376K, reserved 1114112K
  class space    used 7296K, committed 7552K, reserved 1048576K
}
Event: 68.016 GC heap after
{Heap after GC invocations=40 (full 0):
 garbage-first heap   total 96256K, used 38303K [0x0000000081600000, 0x0000000100000000)
  region size 1024K, 2 young (2048K), 2 survivors (2048K)
 Metaspace       used 52869K, committed 53376K, reserved 1114112K
  class space    used 7296K, committed 7552K, reserved 1048576K
}

