# JRE version: Java(TM) SE Runtime Environment (17.0.9+11) (build 17.0.9+11-LTS-201)
# Java VM: Java HotSpot(TM) 64-Bit Server VM (17.0.9+11-LTS-201, mixed mode, emulated-client, sharing, tiered, compressed oops, compressed class ptrs, g1 gc, windows-amd64)
GC Precious Log:
 CPUs: 4 total, 4 available
 Memory: 8097M
 Large Page Support: Disabled
 NUMA Support: Disabled
 Compressed Oops: Enabled (32-bit)
 Heap Region Size: 1M
 Heap Min Capacity: 8M
 Heap Initial Capacity: 128M
 Heap Max Capacity: 2026M
 Pre-touch: Disabled
 Parallel Workers: 4
 Concurrent Workers: 1
 Concurrent Refinement Workers: 4
 Periodic GC: Disabled
Heap:
 garbage-first heap   total 66560K, used 45360K [0x0000000081600000, 0x0000000100000000)
  region size 1024K, 11 young (11264K), 2 survivors (2048K)
 Metaspace       used 51743K, committed 52224K, reserved 1114112K
  class space    used 7176K, committed 7424K, reserved 1048576K
GC Heap History (20 events):
Event: 56.317 GC heap before
{Heap before GC invocations=30 (full 0):
 garbage-first heap   total 63488K, used 47507K [0x0000000081600000, 0x0000000100000000)
  region size 1024K, 15 young (15360K), 2 survivors (2048K)
 Metaspace       used 42363K, committed 42752K, reserved 1114112K
  class space    used 5833K, committed 6016K, reserved 1048576K
}
Event: 56.323 GC heap after
{Heap after GC invocations=31 (full 0):
 garbage-first heap   total 63488K, used 35000K [0x0000000081600000, 0x0000000100000000)
  region size 1024K, 1 young (1024K), 1 survivors (1024K)
 Metaspace       used 42363K, committed 42752K, reserved 1114112K
  class space    used 5833K, committed 6016K, reserved 1048576K
}
Event: 57.632 GC heap before
{Heap before GC invocations=31 (full 0):
 garbage-first heap   total 63488K, used 49336K [0x0000000081600000, 0x0000000100000000)
  region size 1024K, 15 young (15360K), 1 survivors (1024K)
 Metaspace       used 42998K, committed 43456K, reserved 1114112K
  class space    used 5932K, committed 6144K, reserved 1048576K
}
Event: 57.637 GC heap after
{Heap after GC invocations=32 (full 0):
 garbage-first heap   total 63488K, used 35570K [0x0000000081600000, 0x0000000100000000)
  region size 1024K, 2 young (2048K), 2 survivors (2048K)
 Metaspace       used 42998K, committed 43456K, reserved 1114112K
  class space    used 5932K, committed 6144K, reserved 1048576K
}
Event: 60.676 GC heap before
{Heap before GC invocations=33 (full 0):
 garbage-first heap   total 63488K, used 49906K [0x0000000081600000, 0x0000000100000000)
  region size 1024K, 16 young (16384K), 2 survivors (2048K)
 Metaspace       used 43565K, committed 44032K, reserved 1114112K
  class space    used 6019K, committed 6208K, reserved 1048576K
}
Event: 60.681 GC heap after
{Heap after GC invocations=34 (full 0):
 garbage-first heap   total 63488K, used 36072K [0x0000000081600000, 0x0000000100000000)
  region size 1024K, 2 young (2048K), 2 survivors (2048K)
 Metaspace       used 43565K, committed 44032K, reserved 1114112K
  class space    used 6019K, committed 6208K, reserved 1048576K
}
Event: 61.514 GC heap before
{Heap before GC invocations=34 (full 0):
 garbage-first heap   total 63488K, used 49384K [0x0000000081600000, 0x0000000100000000)
  region size 1024K, 16 young (16384K), 2 survivors (2048K)
 Metaspace       used 44840K, committed 45312K, reserved 1114112K
  class space    used 6171K, committed 6400K, reserved 1048576K
}
Event: 61.519 GC heap after
{Heap after GC invocations=35 (full 0):
 garbage-first heap   total 63488K, used 36490K [0x0000000081600000, 0x0000000100000000)
  region size 1024K, 1 young (1024K), 1 survivors (1024K)
 Metaspace       used 44840K, committed 45312K, reserved 1114112K
  class space    used 6171K, committed 6400K, reserved 1048576K
}
Event: 64.468 GC heap before
{Heap before GC invocations=36 (full 0):
 garbage-first heap   total 63488K, used 51850K [0x0000000081600000, 0x0000000100000000)
  region size 1024K, 16 young (16384K), 1 survivors (1024K)
 Metaspace       used 46029K, committed 46528K, reserved 1114112K
  class space    used 6361K, committed 6592K, reserved 1048576K
}
Event: 64.473 GC heap after
{Heap after GC invocations=37 (full 0):
 garbage-first heap   total 63488K, used 36741K [0x0000000081600000, 0x0000000100000000)
  region size 1024K, 2 young (2048K), 2 survivors (2048K)
 Metaspace       used 46029K, committed 46528K, reserved 1114112K
  class space    used 6361K, committed 6592K, reserved 1048576K
}
Event: 64.726 GC heap before
{Heap before GC invocations=37 (full 0):
 garbage-first heap   total 63488K, used 37765K [0x0000000081600000, 0x0000000100000000)
  region size 1024K, 3 young (3072K), 2 survivors (2048K)
 Metaspace       used 46100K, committed 46592K, reserved 1114112K
  class space    used 6373K, committed 6592K, reserved 1048576K
}
Event: 64.732 GC heap after
{Heap after GC invocations=38 (full 0):
 garbage-first heap   total 63488K, used 36333K [0x0000000081600000, 0x0000000100000000)
  region size 1024K, 1 young (1024K), 1 survivors (1024K)
 Metaspace       used 46100K, committed 46592K, reserved 1114112K
  class space    used 6373K, committed 6592K, reserved 1048576K
}
Event: 66.578 GC heap before
{Heap before GC invocations=38 (full 0):
 garbage-first heap   total 63488K, used 50669K [0x0000000081600000, 0x0000000100000000)
  region size 1024K, 16 young (16384K), 1 survivors (1024K)
 Metaspace       used 47478K, committed 47936K, reserved 1114112K
  class space    used 6595K, committed 6848K, reserved 1048576K
}
Event: 66.580 GC heap after
{Heap after GC invocations=39 (full 0):
 garbage-first heap   total 63488K, used 36463K [0x0000000081600000, 0x0000000100000000)
  region size 1024K, 1 young (1024K), 1 survivors (1024K)
 Metaspace       used 47478K, committed 47936K, reserved 1114112K
  class space    used 6595K, committed 6848K, reserved 1048576K
}
Event: 67.526 GC heap before
{Heap before GC invocations=40 (full 0):
 garbage-first heap   total 66560K, used 51823K [0x0000000081600000, 0x0000000100000000)
  region size 1024K, 17 young (17408K), 1 survivors (1024K)
 Metaspace       used 48854K, committed 49408K, reserved 1114112K
  class space    used 6824K, committed 7104K, reserved 1048576K
}
Event: 67.532 GC heap after
{Heap after GC invocations=41 (full 0):
 garbage-first heap   total 66560K, used 36607K [0x0000000081600000, 0x0000000100000000)
  region size 1024K, 1 young (1024K), 1 survivors (1024K)
 Metaspace       used 48854K, committed 49408K, reserved 1114112K
  class space    used 6824K, committed 7104K, reserved 1048576K
}
Event: 67.711 GC heap before
{Heap before GC invocations=41 (full 0):
 garbage-first heap   total 66560K, used 37631K [0x0000000081600000, 0x0000000100000000)
  region size 1024K, 3 young (3072K), 1 survivors (1024K)
 Metaspace       used 49014K, committed 49536K, reserved 1114112K
  class space    used 6860K, committed 7104K, reserved 1048576K
}
Event: 67.717 GC heap after
{Heap after GC invocations=42 (full 0):
 garbage-first heap   total 66560K, used 36220K [0x0000000081600000, 0x0000000100000000)
  region size 1024K, 1 young (1024K), 1 survivors (1024K)
 Metaspace       used 49014K, committed 49536K, reserved 1114112K
  class space    used 6860K, committed 7104K, reserved 1048576K
}
Event: 69.321 GC heap before
{Heap before GC invocations=42 (full 0):
 garbage-first heap   total 66560K, used 55676K [0x0000000081600000, 0x0000000100000000)
  region size 1024K, 20 young (20480K), 1 survivors (1024K)
 Metaspace       used 50886K, committed 51392K, reserved 1114112K
  class space    used 7081K, committed 7360K, reserved 1048576K
}
Event: 69.324 GC heap after
{Heap after GC invocations=43 (full 0):
 garbage-first heap   total 66560K, used 37168K [0x0000000081600000, 0x0000000100000000)
  region size 1024K, 2 young (2048K), 2 survivors (2048K)
 Metaspace       used 50886K, committed 51392K, reserved 1114112K
  class space    used 7081K, committed 7360K, reserved 1048576K
}

